{"C:\\GitHub\\5384\\uni-repository\\MIPROYECTO\\assets\\js\\utilidades.js": {"path":"C:\\GitHub\\5384\\uni-repository\\MIPROYECTO\\assets\\js\\utilidades.js","statementMap":{"0":{"start":{"line":4,"column":17},"end":{"line":4,"column":37}},"1":{"start":{"line":5,"column":20},"end":{"line":5,"column":61}},"2":{"start":{"line":6,"column":2},"end":{"line":6,"column":19}}},"fnMap":{"0":{"name":"manejarErrores","decl":{"start":{"line":3,"column":16},"end":{"line":3,"column":30}},"loc":{"start":{"line":3,"column":50},"end":{"line":7,"column":1}},"line":3}},"branchMap":{},"s":{"0":1,"1":1,"2":1},"f":{"0":1},"b":{},"_coverageSchema":"1a1c01bbd47fc00a2c39e90264f33305004495a9","hash":"aaf5dc49b13b477f13bd69cad968d4296cce5400"}
}
