{"D:\\GitHub\\uni-repository\\MIPROYECTO\\assets\\js\\utilidades.js": {"path":"D:\\GitHub\\uni-repository\\MIPROYECTO\\assets\\js\\utilidades.js","statementMap":{"0":{"start":{"line":4,"column":17},"end":{"line":4,"column":37}},"1":{"start":{"line":5,"column":20},"end":{"line":5,"column":61}},"2":{"start":{"line":6,"column":2},"end":{"line":6,"column":19}}},"fnMap":{"0":{"name":"manejarErrores","decl":{"start":{"line":3,"column":16},"end":{"line":3,"column":30}},"loc":{"start":{"line":3,"column":50},"end":{"line":7,"column":1}},"line":3}},"branchMap":{},"s":{"0":2,"1":2,"2":2},"f":{"0":2},"b":{},"_coverageSchema":"1a1c01bbd47fc00a2c39e90264f33305004495a9","hash":"5c58e1ef64d833eb90bfea0ba4c316d2f08998c0"}
,"D:\\GitHub\\uni-repository\\MIPROYECTO\\assets\\js\\validaciones.js": {"path":"D:\\GitHub\\uni-repository\\MIPROYECTO\\assets\\js\\validaciones.js","statementMap":{"0":{"start":{"line":4,"column":14},"end":{"line":4,"column":22}},"1":{"start":{"line":5,"column":2},"end":{"line":13,"column":3}},"2":{"start":{"line":6,"column":4},"end":{"line":6,"column":45}},"3":{"start":{"line":7,"column":9},"end":{"line":13,"column":3}},"4":{"start":{"line":8,"column":4},"end":{"line":8,"column":46}},"5":{"start":{"line":9,"column":9},"end":{"line":13,"column":3}},"6":{"start":{"line":10,"column":4},"end":{"line":10,"column":70}},"7":{"start":{"line":11,"column":9},"end":{"line":13,"column":3}},"8":{"start":{"line":12,"column":4},"end":{"line":12,"column":59}},"9":{"start":{"line":14,"column":2},"end":{"line":14,"column":12}},"10":{"start":{"line":18,"column":21},"end":{"line":18,"column":33}},"11":{"start":{"line":19,"column":2},"end":{"line":25,"column":3}},"12":{"start":{"line":20,"column":4},"end":{"line":20,"column":62}},"13":{"start":{"line":21,"column":9},"end":{"line":25,"column":3}},"14":{"start":{"line":22,"column":4},"end":{"line":22,"column":49}},"15":{"start":{"line":23,"column":9},"end":{"line":25,"column":3}},"16":{"start":{"line":24,"column":4},"end":{"line":24,"column":65}},"17":{"start":{"line":26,"column":2},"end":{"line":26,"column":12}},"18":{"start":{"line":30,"column":25},"end":{"line":30,"column":44}},"19":{"start":{"line":32,"column":23},"end":{"line":34,"column":3}},"20":{"start":{"line":36,"column":21},"end":{"line":36,"column":68}},"21":{"start":{"line":37,"column":2},"end":{"line":37,"column":26}},"22":{"start":{"line":38,"column":2},"end":{"line":38,"column":20}},"23":{"start":{"line":42,"column":32},"end":{"line":42,"column":59}},"24":{"start":{"line":44,"column":23},"end":{"line":46,"column":3}},"25":{"start":{"line":48,"column":21},"end":{"line":48,"column":72}},"26":{"start":{"line":49,"column":2},"end":{"line":49,"column":20}}},"fnMap":{"0":{"name":"validarId","decl":{"start":{"line":3,"column":9},"end":{"line":3,"column":18}},"loc":{"start":{"line":3,"column":23},"end":{"line":15,"column":1}},"line":3},"1":{"name":"validarNombre","decl":{"start":{"line":17,"column":9},"end":{"line":17,"column":22}},"loc":{"start":{"line":17,"column":31},"end":{"line":27,"column":1}},"line":17},"2":{"name":"validarCampoId","decl":{"start":{"line":29,"column":16},"end":{"line":29,"column":30}},"loc":{"start":{"line":29,"column":41},"end":{"line":39,"column":1}},"line":29},"3":{"name":"validarCampoNombre","decl":{"start":{"line":41,"column":16},"end":{"line":41,"column":34}},"loc":{"start":{"line":41,"column":49},"end":{"line":50,"column":1}},"line":41}},"branchMap":{"0":{"loc":{"start":{"line":5,"column":2},"end":{"line":13,"column":3}},"type":"if","locations":[{"start":{"line":5,"column":2},"end":{"line":13,"column":3}},{"start":{"line":7,"column":9},"end":{"line":13,"column":3}}],"line":5},"1":{"loc":{"start":{"line":7,"column":9},"end":{"line":13,"column":3}},"type":"if","locations":[{"start":{"line":7,"column":9},"end":{"line":13,"column":3}},{"start":{"line":9,"column":9},"end":{"line":13,"column":3}}],"line":7},"2":{"loc":{"start":{"line":9,"column":9},"end":{"line":13,"column":3}},"type":"if","locations":[{"start":{"line":9,"column":9},"end":{"line":13,"column":3}},{"start":{"line":11,"column":9},"end":{"line":13,"column":3}}],"line":9},"3":{"loc":{"start":{"line":11,"column":9},"end":{"line":13,"column":3}},"type":"if","locations":[{"start":{"line":11,"column":9},"end":{"line":13,"column":3}},{"start":{},"end":{}}],"line":11},"4":{"loc":{"start":{"line":19,"column":2},"end":{"line":25,"column":3}},"type":"if","locations":[{"start":{"line":19,"column":2},"end":{"line":25,"column":3}},{"start":{"line":21,"column":9},"end":{"line":25,"column":3}}],"line":19},"5":{"loc":{"start":{"line":21,"column":9},"end":{"line":25,"column":3}},"type":"if","locations":[{"start":{"line":21,"column":9},"end":{"line":25,"column":3}},{"start":{"line":23,"column":9},"end":{"line":25,"column":3}}],"line":21},"6":{"loc":{"start":{"line":23,"column":9},"end":{"line":25,"column":3}},"type":"if","locations":[{"start":{"line":23,"column":9},"end":{"line":25,"column":3}},{"start":{},"end":{}}],"line":23}},"s":{"0":5,"1":5,"2":1,"3":4,"4":1,"5":3,"6":1,"7":2,"8":1,"9":1,"10":0,"11":0,"12":0,"13":0,"14":0,"15":0,"16":0,"17":0,"18":5,"19":5,"20":5,"21":5,"22":5,"23":0,"24":0,"25":0,"26":0},"f":{"0":5,"1":0,"2":5,"3":0},"b":{"0":[1,4],"1":[1,3],"2":[1,2],"3":[1,1],"4":[0,0],"5":[0,0],"6":[0,0]},"_coverageSchema":"1a1c01bbd47fc00a2c39e90264f33305004495a9","hash":"d3ee992cd5303d06dbcef2db904bbc0f7083631b"}
}
