TN:
SF:assets\js\ui.js
FN:6,mostrarMensajeSiEsExitoso
FN:20,mostrarErrores
FN:27,(anonymous_2)
FN:43,resetearFormulario
FNF:4
FNH:4
FNDA:2,mostrarMensajeSiEsExitoso
FNDA:2,mostrarErrores
FNDA:2,(anonymous_2)
FNDA:3,resetearFormulario
DA:1,1
DA:2,1
DA:3,1
DA:4,1
DA:7,2
DA:8,2
DA:9,2
DA:11,2
DA:12,1
DA:13,1
DA:15,1
DA:16,1
DA:21,2
DA:22,2
DA:23,2
DA:25,2
DA:27,2
DA:28,2
DA:29,2
DA:31,2
DA:32,1
DA:33,1
DA:34,1
DA:35,1
DA:37,1
DA:40,2
DA:44,3
DA:45,3
DA:46,3
DA:48,3
DA:49,3
DA:51,3
DA:52,3
DA:54,3
DA:55,3
LF:35
LH:35
BRDA:11,0,0,1
BRDA:11,0,1,1
BRDA:11,1,0,2
BRDA:11,1,1,1
BRDA:31,2,0,1
BRDA:31,2,1,1
BRF:6
BRH:6
end_of_record
TN:
SF:assets\js\utilidades.js
FN:3,manejarErrores
FNF:1
FNH:1
FNDA:2,manejarErrores
DA:4,2
DA:5,2
DA:6,2
LF:3
LH:3
BRF:0
BRH:0
end_of_record
TN:
SF:assets\js\validaciones.js
FN:3,validarId
FN:17,validarNombre
FN:29,validarCampoId
FN:40,validarCampoNombre
FNF:4
FNH:4
FNDA:5,validarId
FNDA:4,validarNombre
FNDA:5,validarCampoId
FNDA:4,validarCampoNombre
DA:4,5
DA:5,5
DA:6,1
DA:7,4
DA:8,1
DA:9,3
DA:10,1
DA:11,2
DA:12,1
DA:14,1
DA:18,4
DA:19,4
DA:20,1
DA:21,3
DA:22,1
DA:23,2
DA:24,1
DA:26,1
DA:30,5
DA:32,5
DA:36,5
DA:37,5
DA:41,4
DA:43,4
DA:47,4
DA:48,4
LF:26
LH:26
BRDA:5,0,0,1
BRDA:5,0,1,4
BRDA:7,1,0,1
BRDA:7,1,1,3
BRDA:9,2,0,1
BRDA:9,2,1,2
BRDA:11,3,0,1
BRDA:11,3,1,1
BRDA:19,4,0,1
BRDA:19,4,1,3
BRDA:21,5,0,1
BRDA:21,5,1,2
BRDA:23,6,0,1
BRDA:23,6,1,1
BRF:14
BRH:14
end_of_record
