TN:
SF:assets\js\utilidades.js
FN:3,manejarErrores
FNF:1
FNH:1
FNDA:2,manejarErrores
DA:4,2
DA:5,2
DA:6,2
LF:3
LH:3
BRF:0
BRH:0
end_of_record
TN:
SF:assets\js\validaciones.js
FN:3,validarId
FN:17,validarNombre
FN:29,validarCampoId
FN:41,validarCampoNombre
FNF:4
FNH:2
FNDA:5,validarId
FNDA:0,validarNombre
FNDA:5,validarCampoId
FNDA:0,validarCampoNombre
DA:4,5
DA:5,5
DA:6,1
DA:7,4
DA:8,1
DA:9,3
DA:10,1
DA:11,2
DA:12,1
DA:14,1
DA:18,0
DA:19,0
DA:20,0
DA:21,0
DA:22,0
DA:23,0
DA:24,0
DA:26,0
DA:30,5
DA:32,5
DA:36,5
DA:37,5
DA:38,5
DA:42,0
DA:44,0
DA:48,0
DA:49,0
LF:27
LH:15
BRDA:5,0,0,1
BRDA:5,0,1,4
BRDA:7,1,0,1
BRDA:7,1,1,3
BRDA:9,2,0,1
BRDA:9,2,1,2
BRDA:11,3,0,1
BRDA:11,3,1,1
BRDA:19,4,0,0
BRDA:19,4,1,0
BRDA:21,5,0,0
BRDA:21,5,1,0
BRDA:23,6,0,0
BRDA:23,6,1,0
BRF:14
BRH:8
end_of_record
